[00:00:00] [Server thread/INFO] []: Spacing is at785
[00:00:00] [Server thread/INFO] []: Spacing is at786
[00:00:00] [Server thread/INFO] []: Spacing is at787
[00:00:00] [Server thread/INFO] []: Spacing is at788
[00:00:00] [Server thread/INFO] []: Spacing is at789
[00:00:00] [Server thread/INFO] []: Spacing is at790
[00:00:00] [Server thread/INFO] []: Spacing is at791
[00:00:00] [Server thread/INFO] []: Spacing is at792
[00:00:06] [Server thread/INFO] []: Spacing is at793
[00:00:06] [Server thread/INFO] []: Spacing is at794
[00:00:06] [Server thread/INFO] []: Spacing is at795
[00:00:06] [Server thread/INFO] []: Spacing is at796
[00:00:06] [Server thread/INFO] []: Spacing is at797
[00:00:06] [Server thread/INFO] []: Spacing is at798
[00:00:06] [Server thread/INFO] []: Spacing is at799
[00:00:06] [Server thread/INFO] []: Spacing is at800
[00:00:06] [Server thread/INFO] []: Spacing is at801
[00:00:06] [Server thread/INFO] []: Spacing is at802
[00:00:06] [Server thread/INFO] []: Spacing is at803
[00:00:07] [Server thread/INFO] []: Spacing is at804
[00:00:07] [Server thread/INFO] []: Spacing is at805
[00:00:07] [Server thread/INFO] []: Spacing is at806
[00:00:07] [Server thread/INFO] []: Spacing is at807
[00:00:07] [Server thread/INFO] []: Spacing is at808
[00:00:07] [Server thread/INFO] []: Spacing is at809
[00:00:07] [Server thread/INFO] []: Spacing is at810
[00:00:07] [Server thread/DEBUG] [FML]: Quark loaded a new chunk [16, -13] in dimension 0 (overworld) while populating chunk [18, -12], causing cascading worldgen lag.
[00:00:07] [Server thread/DEBUG] [FML]: Please report this to the mod's issue tracker. This log can be disabled in the Forge config.
[00:00:07] [Server thread/INFO] []: Spacing is at811
[00:00:07] [Server thread/DEBUG] [FML]: Quark loaded a new chunk [15, -13] in dimension 0 (overworld) while populating chunk [18, -12], causing cascading worldgen lag.
[00:00:07] [Server thread/DEBUG] [FML]: Please report this to the mod's issue tracker. This log can be disabled in the Forge config.
[00:00:07] [Server thread/INFO] []: Spacing is at812
[00:00:07] [Server thread/INFO] []: Spacing is at813
[00:00:08] [Server thread/INFO] []: Spacing is at814
[00:00:18] [Server thread/INFO] []: Spacing is at815
[00:00:18] [Server thread/INFO] []: Spacing is at816
[00:00:26] [Server thread/INFO] []: Spacing is at817
[00:01:35] [Server thread/INFO] []: Spacing is at818
[00:02:27] [Server thread/INFO] []: Spacing is at819
[00:02:27] [Server thread/INFO] []: Spacing is at820
[00:02:27] [Server thread/INFO] []: Spacing is at821
[00:02:27] [Server thread/INFO] []: Spacing is at822
[00:02:27] [Server thread/INFO] []: Spacing is at823
[00:02:27] [Server thread/INFO] []: Spacing is at824
[00:02:27] [Server thread/INFO] []: Spacing is at825
[00:02:28] [Server thread/INFO] []: Spacing is at826
[00:02:28] [Server thread/INFO] []: Spacing is at827
[00:02:28] [Server thread/INFO] []: Spacing is at828
[00:02:28] [Server thread/INFO] []: Spacing is at829
[00:02:28] [Server thread/INFO] []: Spacing is at830
[00:02:28] [Server thread/INFO] []: Spacing is at831
[00:02:28] [Server thread/INFO] []: Spacing is at832
[00:02:28] [Server thread/INFO] []: Spacing is at833
[00:02:28] [Server thread/INFO] []: Spacing is at834
[00:02:28] [Server thread/INFO] []: Spacing is at835
[00:02:31] [Server thread/INFO] []: Spacing is at836
[00:02:31] [Server thread/INFO] []: Spacing is at837
[00:02:31] [Server thread/INFO] []: Spacing is at838
[00:02:31] [Server thread/INFO] []: Spacing is at839
[00:02:31] [Server thread/INFO] []: Spacing is at840
[00:02:31] [Server thread/INFO] []: Spacing is at841
[00:02:31] [Server thread/INFO] []: Spacing is at842
[00:02:31] [Server thread/INFO] []: Spacing is at843
[00:02:31] [Server thread/INFO] []: Spacing is at844
[00:02:31] [Server thread/INFO] []: Spacing is at845
[00:02:31] [Server thread/INFO] []: Spacing is at846
[00:02:31] [Server thread/INFO] []: Spacing is at847
[00:02:31] [Server thread/INFO] []: Spacing is at848
[00:02:31] [Server thread/INFO] []: Spacing is at849
[00:02:31] [Server thread/INFO] []: Spacing is at850
[00:02:31] [Server thread/INFO] []: Spacing is at851
[00:02:32] [Server thread/INFO] []: Spacing is at852
[00:02:32] [Server thread/INFO] []: Spacing is at853
[00:02:32] [Server thread/INFO] []: Spacing is at854
[00:02:32] [Server thread/INFO] []: Spacing is at855
[00:02:44] [Server thread/INFO] []: Spacing is at856
[00:02:45] [Server thread/DEBUG] [FML]: Gathering id map for writing to world save world
[00:02:51] [Server thread/INFO] []: Spacing is at857
[00:02:51] [Server thread/INFO] []: Spacing is at858
[00:02:53] [Server thread/INFO] []: Spacing is at859
[00:02:53] [Server thread/INFO] []: Spacing is at860
[00:02:53] [Server thread/INFO] []: Spacing is at861
[00:02:53] [Server thread/INFO] []: Spacing is at862
[00:02:53] [Server thread/INFO] []: Spacing is at863
[00:04:38] [Server thread/INFO] []: Spacing is at864
[00:04:42] [Server thread/INFO] []: Spacing is at865
[00:04:48] [Server thread/INFO] []: Spacing is at866
[00:04:48] [Server thread/INFO] []: Spacing is at867
[00:04:48] [Server thread/INFO] []: Spacing is at868
[00:04:48] [Server thread/INFO] []: Spacing is at869
[00:04:48] [Server thread/INFO] []: Spacing is at870
[00:04:48] [Server thread/INFO] []: Spacing is at871
[00:04:48] [Server thread/INFO] []: Spacing is at872
[00:04:48] [Server thread/INFO] []: Spacing is at873
[00:04:48] [Server thread/INFO] []: Spacing is at874
[00:04:48] [Server thread/INFO] []: Spacing is at875
[00:04:48] [Server thread/INFO] []: Spacing is at876
[00:04:48] [Server thread/INFO] []: Spacing is at877
[00:04:49] [Server thread/INFO] []: Spacing is at878
[00:04:49] [Server thread/INFO] []: Spacing is at879
[00:04:49] [Server thread/INFO] []: Spacing is at880
[00:04:49] [Server thread/INFO] []: Spacing is at881
[00:04:49] [Server thread/INFO] []: Spacing is at882
[00:04:49] [Server thread/INFO] []: Spacing is at883
[00:04:49] [Server thread/INFO] []: Spacing is at884
[00:04:51] [Server thread/INFO] []: Spacing is at885
[00:04:51] [Server thread/INFO] []: Spacing is at886
[00:04:51] [Server thread/INFO] []: Spacing is at887
[00:04:52] [Server thread/INFO] []: Spacing is at888
[00:04:52] [Server thread/INFO] []: Spacing is at889
[00:04:52] [Server thread/INFO] []: Spacing is at890
[00:04:52] [Server thread/INFO] []: Spacing is at891
[00:04:52] [Server thread/INFO] []: Spacing is at892
[00:04:52] [Server thread/INFO] []: Spacing is at893
[00:04:52] [Server thread/INFO] []: Spacing is at894
[00:04:52] [Server thread/INFO] []: Spacing is at895
[00:04:52] [Server thread/INFO] []: Spacing is at896
[00:04:52] [Server thread/INFO] []: Spacing is at897
[00:04:52] [Server thread/DEBUG] [FML]: Castle Dungeons loaded a new chunk [21, -3] in dimension 0 (overworld) while populating chunk [21, -2], causing cascading worldgen lag.
[00:04:52] [Server thread/DEBUG] [FML]: Please report this to the mod's issue tracker. This log can be disabled in the Forge config.
[00:04:52] [Server thread/INFO] []: Spacing is at898
[00:04:52] [Server thread/INFO] []: Spacing is at899
[00:04:52] [Server thread/INFO] []: Spacing is at900
[00:04:52] [Server thread/INFO] []: Spacing is at901
[00:04:52] [Server thread/INFO] []: Spacing is at902
[00:04:54] [Server thread/INFO] []: Spacing is at903
[00:04:54] [Server thread/INFO] []: Spacing is at904
[00:04:57] [Server thread/INFO] []: Spacing is at905
[00:04:57] [Server thread/INFO] []: Spacing is at906
[00:04:57] [Server thread/INFO] []: Spacing is at907
[00:04:57] [Server thread/INFO] []: Spacing is at908
[00:04:57] [Server thread/INFO] []: Spacing is at909
[00:04:57] [Server thread/INFO] []: Spacing is at910
[00:04:57] [Server thread/INFO] []: Spacing is at911
[00:04:57] [Server thread/INFO] []: Spacing is at912
[00:04:57] [Server thread/INFO] []: Spacing is at913
[00:04:57] [Server thread/INFO] []: Spacing is at914
[00:04:57] [Server thread/INFO] []: Spacing is at915
[00:04:57] [Server thread/INFO] []: Spacing is at916
[00:04:57] [Server thread/INFO] []: Spacing is at917
[00:04:57] [Server thread/INFO] []: Spacing is at918
[00:04:57] [Server thread/INFO] []: Spacing is at919
[00:04:57] [Server thread/INFO] []: Spacing is at920
[00:04:58] [Server thread/INFO] []: Spacing is at921
[00:05:09] [Server thread/INFO] []: Spacing is at922
[00:05:15] [Server thread/INFO] []: Spacing is at923
[00:05:18] [Server thread/INFO] []: Spacing is at924
[00:05:18] [Server thread/INFO] []: Spacing is at925
[00:05:22] [Server thread/INFO] []: Spacing is at926
[00:05:22] [Server thread/INFO] []: Spacing is at927
[00:05:22] [Server thread/INFO] []: Spacing is at928
